2023-08-17T13:05:38+00:00 CRITICAL Uncaught ArgumentCountError: Too few arguments to function nwm_filter_tags(), 1 passed in C:\xampp\htdocs\lidwina\wp-includes\class-wp-hook.php on line 312 and exactly 3 expected in C:\xampp\htdocs\lidwina\wp-content\themes\leffetlune\functions.php:16
Stack trace:
#0 C:\xampp\htdocs\lidwina\wp-includes\class-wp-hook.php(312): nwm_filter_tags('<script type='t...')
#1 C:\xampp\htdocs\lidwina\wp-includes\plugin.php(205): WP_Hook->apply_filters('<script type='t...', Array)
#2 C:\xampp\htdocs\lidwina\wp-includes\class-wp-scripts.php(432): apply_filters('script_loader_t...', '<script type='t...', 'jquery-core', 'http://lili.loc...')
#3 C:\xampp\htdocs\lidwina\wp-includes\class-wp-dependencies.php(137): WP_Scripts->do_item('jquery-core', 0)
#4 C:\xampp\htdocs\lidwina\wp-includes\class-wp-scripts.php(768): WP_Dependencies->do_items(Array, 0)
#5 C:\xampp\htdocs\lidwina\wp-includes\script-loader.php(2064): WP_Scripts->do_head_items()
#6 C:\xampp\htdocs\lidwina\wp-includes\script-loader.php(2184): print_head_scripts()
#7 C:\xampp\htdocs\lidwina\wp-includes\class-wp-hook.php(310): wp_print_head_scripts('')
#8 C:\xampp\htdocs\lidwina\wp-includes\class-wp-hook.php(334): WP_Hook->apply_filters(Array, Array)
#9 C:\xampp\htdocs\lidwina\wp-includes\plugin.php(517): WP_Hook->do_action(Array)
#10 C:\xampp\htdocs\lidwina\wp-includes\general-template.php(3053): do_action('wp_head')
#11 C:\xampp\htdocs\lidwina\wp-content\themes\leffetlune\header.php(6): wp_head()
#12 C:\xampp\htdocs\lidwina\wp-includes\template.php(785): require_once('C:\\xampp\\htdocs...')
#13 C:\xampp\htdocs\lidwina\wp-includes\template.php(720): load_template('C:\\xampp\\htdocs...', true, Array)
#14 C:\xampp\htdocs\lidwina\wp-includes\general-template.php(48): locate_template(Array, true, true, Array)
#15 C:\xampp\htdocs\lidwina\wp-content\themes\leffetlune\index.php(1): get_header()
#16 C:\xampp\htdocs\lidwina\wp-includes\template-loader.php(106): include('C:\\xampp\\htdocs...')
#17 C:\xampp\htdocs\lidwina\wp-blog-header.php(19): require_once('C:\\xampp\\htdocs...')
#18 C:\xampp\htdocs\lidwina\index.php(17): require('C:\\xampp\\htdocs...')
#19 {main}
  thrown dans C:\xampp\htdocs\lidwina\wp-content\themes\leffetlune\functions.php à la ligne 16

